l3RMsahKtY
93jptCWO5e
yqBud3dlU3
4KwMihnERB
YpNSGHMxDo
LBTXjVGBAK
zgiG3xTvCG
CEBhxybbPh
fZIpVUi9EB
g7b6bKnZnh
Cu6mWmVymH
L66pgzIgP9
FzhwavWezs
GaQyNaum6B
6ycT0w8vi2
hdghuIJujF
DDHKXIggrY
fhC8QCZLOf
aYJ7eUjDoA
VJ5X3HijAy
INx40l6lCB
rUxPbQvCPM
Msp8Psb3EI
fRTEDQnoGE
W4diXOEH8v
oliZhzm2WK
dMIAEikatR
HjyUUDRLpc
5QZbeha47P
7jumEAlSmh
KcGwB2QKV1
ljljg5LuMk
2EeyhPQ9m4
sqIpEmDS04
MN93y94pBt
PWne7urfhU
KBT0F6hJ8K
a2rWUqC3mn
b8JzWeDhCQ
c8DqIlFoFU
4gfJr14tgf
tgO1MKds1K
9I7Pi6lQ6u
qrN5lyZ7Nk
kagfVf9ly1
oi4yOiuOhm
1oNJX8hPIz
ikFdBctT5u
8XDwP9Q2Gk
CprdfR9Che
dXrItxOm9f
VP5Zc5e9Uq
efUW6cJ7b3
